
Bookモデルのテスト
  バリデーションのテスト
    titleカラム
[32m      空欄でないこと[0m
    bodyカラム
[32m      空欄でないこと[0m
[32m      200文字以下であること: 200文字は〇[0m
[32m      200文字以下であること: 201文字は×[0m
  アソシエーションのテスト
    Userモデルとの関係
[32m      N:1となっている[0m

Userモデルのテスト
  バリデーションのテスト
    nameカラム
[32m      空欄でないこと[0m
[32m      2文字以上であること: 1文字は×[0m
[32m      2文字以上であること: 2文字は〇[0m
[32m      20文字以下であること: 20文字は〇[0m
[32m      20文字以下であること: 21文字は×[0m
[32m      一意性があること[0m
    introductionカラム
[32m      50文字以下であること: 50文字は〇[0m
[32m      50文字以下であること: 51文字は×[0m
  アソシエーションのテスト
    Bookモデルとの関係
[32m      1:Nとなっている[0m

[STEP1] ユーザログイン前のテスト
  トップ画面のテスト
    表示内容の確認
[32m      URLが正しい[0m
[32m      Log inリンクが表示される: 青色のボタンの表示が「Log in」である[0m
[32m      Log inリンクの内容が正しい[0m
[32m      Sign upリンクが表示される: 緑色のボタンの表示が「Sign up」である[0m
[32m      Sign upリンクの内容が正しい[0m
  アバウト画面のテスト
    表示内容の確認
[32m      URLが正しい[0m
  ヘッダーのテスト: ログインしていない場合
    表示内容の確認
[32m      Bookersリンクが表示される: 左上から1番目のリンクが「Bookers」である[0m
[32m      Homeリンクが表示される: 左上から2番目のリンクが「Home」である[0m
[32m      Aboutリンクが表示される: 左上から3番目のリンクが「About」である[0m
[32m      Sign upリンクが表示される: 左上から4番目のリンクが「Sign up」である[0m
[32m      Log inリンクが表示される: 左上から5番目のリンクが「Log in」である[0m
    リンクの内容を確認
[32m      Bookersを押すと、トップ画面に遷移する[0m
[32m      Homeを押すと、トップ画面に遷移する[0m
[32m      Aboutを押すと、アバウト画面に遷移する[0m
[32m      Sign upを押すと、新規登録画面に遷移する[0m
[32m      Log inを押すと、ログイン画面に遷移する[0m
  ユーザ新規登録のテスト
    表示内容の確認
[32m      URLが正しい[0m
[32m      「Sign up」と表示される[0m
[32m      nameフォームが表示される[0m
[32m      emailフォームが表示される[0m
[32m      passwordフォームが表示される[0m
[32m      password_confirmationフォームが表示される[0m
[32m      Sign upボタンが表示される[0m
    新規登録成功のテスト
[32m      正しく新規登録される[0m
[32m      新規登録後のリダイレクト先が、新規登録できたユーザの詳細画面になっている[0m
  ユーザログイン
    表示内容の確認
[32m      URLが正しい[0m
[32m      「Log in」と表示される[0m
[32m      nameフォームが表示される[0m
[32m      passwordフォームが表示される[0m
[32m      Log inボタンが表示される[0m
[32m      emailフォームは表示されない[0m
    ログイン成功のテスト
[32m      ログイン後のリダイレクト先が、ログインしたユーザの詳細画面になっている[0m
    ログイン失敗のテスト
[32m      ログインに失敗し、ログイン画面にリダイレクトされる[0m
  ヘッダーのテスト: ログインしている場合
    ヘッダーの表示を確認
[32m      Bookersリンクが表示される: 左上から1番目のリンクが「Bookers」である[0m
[32m      Homeリンクが表示される: 左上から2番目のリンクが「Home」である[0m
[32m      Usersリンクが表示される: 左上から3番目のリンクが「Users」である[0m
[32m      Booksリンクが表示される: 左上から4番目のリンクが「Books」である[0m
[32m      Log outリンクが表示される: 左上から5番目のリンクが「Log out」である[0m
  ユーザログアウトのテスト
    ログアウト機能のテスト
[32m      正しくログアウトできている: ログアウト後のリダイレクト先においてAbout画面へのリンクが存在する[0m
[32m      ログアウト後のリダイレクト先が、トップになっている[0m

[STEP2] ユーザログイン後のテスト
  ヘッダーのテスト: ログインしている場合
    リンクの内容を確認: ※logoutは『ユーザログアウトのテスト』でテスト済みになります。
[32m      Homeを押すと、自分のユーザ詳細画面に遷移する[0m
[32m      Usersを押すと、ユーザ一覧画面に遷移する[0m
[32m      Booksを押すと、投稿一覧画面に遷移する[0m
  投稿一覧画面のテスト
    表示内容の確認
[32m      URLが正しい[0m
[31m      自分と他人の画像のリンク先が正しい (FAILED - 1)[0m
[32m      自分の投稿と他人の投稿のタイトルのリンク先がそれぞれ正しい[0m
[32m      自分の投稿と他人の投稿のオピニオンが表示される[0m
    サイドバーの確認
[31m      自分の名前と紹介文が表示される (FAILED - 2)[0m
[31m      自分のユーザ編集画面へのリンクが存在する (FAILED - 3)[0m
[31m      「New book」と表示される (FAILED - 4)[0m
[32m      titleフォームが表示される[0m
[32m      titleフォームに値が入っていない[0m
[32m      opinionフォームが表示される[0m
[32m      opinionフォームに値が入っていない[0m
[31m      Create Bookボタンが表示される (FAILED - 5)[0m
    投稿成功のテスト
[31m      自分の新しい投稿が正しく保存される (FAILED - 6)[0m
[31m      リダイレクト先が、保存できた投稿の詳細画面になっている (FAILED - 7)[0m
  自分の投稿詳細画面のテスト
    表示内容の確認
[32m      URLが正しい[0m
[31m      「Book detail」と表示される (FAILED - 8)[0m
[31m      ユーザ画像・名前のリンク先が正しい (FAILED - 9)[0m
[32m      投稿のtitleが表示される[0m
[32m      投稿のopinionが表示される[0m
[31m      投稿の編集リンクが表示される (FAILED - 10)[0m
[31m      投稿の削除リンクが表示される (FAILED - 11)[0m
    サイドバーの確認
[31m      自分の名前と紹介文が表示される (FAILED - 12)[0m
[31m      自分のユーザ編集画面へのリンクが存在する (FAILED - 13)[0m
[31m      「New book」と表示される (FAILED - 14)[0m
[31m      titleフォームが表示される (FAILED - 15)[0m
[31m      titleフォームに値が入っていない (FAILED - 16)[0m
[31m      opinionフォームが表示される (FAILED - 17)[0m
[31m      opinionフォームに値が入っていない (FAILED - 18)[0m
[31m      Create Bookボタンが表示される (FAILED - 19)[0m
    投稿成功のテスト
[31m      自分の新しい投稿が正しく保存される (FAILED - 20)[0m
    編集リンクのテスト
[31m      編集画面に遷移する (FAILED - 21)[0m
    削除リンクのテスト
[31m      正しく削除される (FAILED - 22)[0m
[31m      リダイレクト先が、投稿一覧画面になっている (FAILED - 23)[0m
  自分の投稿編集画面のテスト
    表示の確認
[32m      URLが正しい[0m
[31m      「Editing Book」と表示される (FAILED - 24)[0m
[32m      title編集フォームが表示される[0m
[32m      opinion編集フォームが表示される[0m
[32m      Update Bookボタンが表示される[0m
[32m      Showリンクが表示される[0m
[32m      Backリンクが表示される[0m
    編集成功のテスト
[32m      titleが正しく更新される[0m
[32m      bodyが正しく更新される[0m
[31m      リダイレクト先が、更新した投稿の詳細画面になっている (FAILED - 25)[0m
  ユーザ一覧画面のテスト
    表示内容の確認
[32m      URLが正しい[0m
[31m      自分と他人の画像が表示される: fallbackの画像がサイドバーの1つ＋一覧(2人)の2つの計3つ存在する (FAILED - 26)[0m
[31m      自分と他人の名前がそれぞれ表示される (FAILED - 27)[0m
[31m      自分と他人のshowリンクがそれぞれ表示される (FAILED - 28)[0m
    サイドバーの確認
[31m      自分の名前と紹介文が表示される (FAILED - 29)[0m
[31m      自分のユーザ編集画面へのリンクが存在する (FAILED - 30)[0m
[31m      「New book」と表示される (FAILED - 31)[0m
[31m      titleフォームが表示される (FAILED - 32)[0m
[31m      titleフォームに値が入っていない (FAILED - 33)[0m
[31m      opinionフォームが表示される (FAILED - 34)[0m
[31m      opinionフォームに値が入っていない (FAILED - 35)[0m
[31m      Create Bookボタンが表示される (FAILED - 36)[0m
  自分のユーザ詳細画面のテスト
    表示の確認
[32m      URLが正しい[0m
[32m      投稿一覧のユーザ画像のリンク先が正しい[0m
[32m      投稿一覧に自分の投稿のtitleが表示され、リンクが正しい[0m
[32m      投稿一覧に自分の投稿のopinionが表示される[0m
[32m      他人の投稿は表示されない[0m
    サイドバーの確認
[31m      自分の名前と紹介文が表示される (FAILED - 37)[0m
[32m      自分のユーザ編集画面へのリンクが存在する[0m
[31m      「New book」と表示される (FAILED - 38)[0m
[31m      titleフォームが表示される (FAILED - 39)[0m
[31m      titleフォームに値が入っていない (FAILED - 40)[0m
[31m      opinionフォームが表示される (FAILED - 41)[0m
[31m      opinionフォームに値が入っていない (FAILED - 42)[0m
[31m      Create Bookボタンが表示される (FAILED - 43)[0m
  自分のユーザ情報編集画面のテスト
    表示の確認
[32m      URLが正しい[0m
[32m      名前編集フォームに自分の名前が表示される[0m
[32m      画像編集フォームが表示される[0m
[31m      自己紹介編集フォームに自分の自己紹介文が表示される (FAILED - 44)[0m
[31m      Update Userボタンが表示される (FAILED - 45)[0m
    更新成功のテスト
[31m      nameが正しく更新される (FAILED - 46)[0m
[31m      introductionが正しく更新される (FAILED - 47)[0m
[31m      リダイレクト先が、自分のユーザ詳細画面になっている (FAILED - 48)[0m

[STEP3] 仕上げのテスト
  サクセスメッセージのテスト
[31m    ユーザ新規登録成功時 (FAILED - 49)[0m
[31m    ユーザログイン成功時 (FAILED - 50)[0m
[31m    ユーザログアウト成功時 (FAILED - 51)[0m
[31m    ユーザのプロフィール情報更新成功時 (FAILED - 52)[0m
[31m    投稿データの新規投稿成功時: 投稿一覧画面から行います。 (FAILED - 53)[0m
[31m    投稿データの更新成功時 (FAILED - 54)[0m
  処理失敗時のテスト
    ユーザ新規登録失敗: nameを1文字にする
[32m      新規登録されない[0m
[32m      新規登録画面を表示しており、フォームの内容が正しい[0m
[32m      バリデーションエラーが表示される[0m
    ユーザのプロフィール情報編集失敗: nameを1文字にする
[31m      更新されない (FAILED - 55)[0m
[31m      ユーザ編集画面を表示しており、フォームの内容が正しい (FAILED - 56)[0m
[31m      バリデーションエラーが表示される (FAILED - 57)[0m
    投稿データの新規投稿失敗: 投稿一覧画面から行い、titleを空にする
[31m      投稿が保存されない (FAILED - 58)[0m
[31m      投稿一覧画面を表示している (FAILED - 59)[0m
[32m      新規投稿フォームの内容が正しい[0m
[31m      バリデーションエラーが表示される (FAILED - 60)[0m
    投稿データの更新失敗: titleを空にする
[32m      投稿が更新されない[0m
[32m      投稿編集画面を表示しており、フォームの内容が正しい[0m
[31m      エラーメッセージが表示される (FAILED - 61)[0m
  ログインしていない場合のアクセス制限のテスト: アクセスできず、ログイン画面に遷移する
[32m    ユーザ一覧画面[0m
[32m    ユーザ詳細画面[0m
[32m    ユーザ情報編集画面[0m
[32m    投稿一覧画面[0m
[32m    投稿詳細画面[0m
[32m    投稿編集画面[0m
  他人の画面のテスト
    他人の投稿詳細画面のテスト
      表示内容の確認
[32m        URLが正しい[0m
[31m        「Book detail」と表示される (FAILED - 62)[0m
[31m        ユーザ画像・名前のリンク先が正しい (FAILED - 63)[0m
[32m        投稿のtitleが表示される[0m
[32m        投稿のopinionが表示される[0m
[32m        投稿の編集リンクが表示されない[0m
[32m        投稿の削除リンクが表示されない[0m
      サイドバーの確認
[31m        他人の名前と紹介文が表示される (FAILED - 64)[0m
[31m        他人のユーザ編集画面へのリンクが存在する (FAILED - 65)[0m
[32m        自分の名前と紹介文は表示されない[0m
[32m        自分のユーザ編集画面へのリンクは存在しない[0m
    他人の投稿編集画面
[31m      遷移できず、投稿一覧画面にリダイレクトされる (FAILED - 66)[0m
    他人のユーザ詳細画面のテスト
      表示の確認
[32m        URLが正しい[0m
[31m        投稿一覧のユーザ画像のリンク先が正しい (FAILED - 67)[0m
[32m        投稿一覧に他人の投稿のtitleが表示され、リンクが正しい[0m
[32m        投稿一覧に他人の投稿のopinionが表示される[0m
[32m        自分の投稿は表示されない[0m
      サイドバーの確認
[31m        他人の名前と紹介文が表示される (FAILED - 68)[0m
[31m        他人のユーザ編集画面へのリンクが存在する (FAILED - 69)[0m
[32m        自分の名前と紹介文は表示されない[0m
[32m        自分のユーザ編集画面へのリンクは存在しない[0m
    他人のユーザ情報編集画面
[31m      遷移できず、自分のユーザ詳細画面にリダイレクトされる (FAILED - 70)[0m
  グリッドシステムのテスト: container, row, col-md-〇を正しく使えている
[31m    ユーザ一覧画面 (FAILED - 71)[0m
[31m    ユーザ詳細画面 (FAILED - 72)[0m
[31m    投稿一覧画面 (FAILED - 73)[0m
[31m    投稿詳細画面 (FAILED - 74)[0m
  アイコンのテスト
    トップ画面
[31m      本のアイコンが表示される (FAILED - 75)[0m
    アバウト画面
[31m      本のアイコンが表示される (FAILED - 76)[0m
    ヘッダー: ログインしていない場合
[32m      Homeリンクのアイコンが表示される[0m
[32m      Aboutリンクのアイコンが表示される[0m
[32m      Sign upリンクのアイコンが表示される[0m
[32m      Log inリンクのアイコンが表示される[0m
    ヘッダー: ログインしている場合
[32m      Homeリンクのアイコンが表示される[0m
[32m      Usersリンクのアイコンが表示される[0m
[32m      Booksリンクのアイコンが表示される[0m
[32m      Log outリンクのアイコンが表示される[0m
    サイドバー
[31m      ユーザ一覧画面でレンチアイコンが表示される (FAILED - 77)[0m
[31m      ユーザ詳細画面でレンチアイコンが表示される (FAILED - 78)[0m
[31m      投稿一覧画面でレンチアイコンが表示される (FAILED - 79)[0m
[31m      投稿詳細画面でレンチアイコンが表示される (FAILED - 80)[0m

Failures:

  1) [STEP2] ユーザログイン後のテスト 投稿一覧画面のテスト 表示内容の確認 自分と他人の画像のリンク先が正しい
     [31mFailure/Error: expect(page).to have_link '', href: user_path(other_book.user)[0m
     [31m  expected to find link "" with href "/users/1" but there were no matches[0m
     [36m# ./spec/system/02_after_login_spec.rb:52:in `block (4 levels) in <main>'[0m

  2) [STEP2] ユーザログイン後のテスト 投稿一覧画面のテスト サイドバーの確認 自分の名前と紹介文が表示される
     [31mFailure/Error: expect(page).to have_content user.introduction[0m
     [31m  expected to find text "tdmvket991ty5h36sr61" in "Bookers\nHome Users Books Log out\n画像投稿フォーム\ntitle\nopinion\n投稿ユーザー画像：\ntitle：avj8h\nbody：0ty6eldeh9s9gk54uct3\nユーザーネーム：dlnt5pv97w\nEdit\n投稿ユーザー画像：\ntitle：1hf4p\nbody：z5r722wkzcq54cg2y752\nユーザーネーム：s3lvukpg9o\nEdit"[0m
     [36m# ./spec/system/02_after_login_spec.rb:67:in `block (4 levels) in <main>'[0m

  3) [STEP2] ユーザログイン後のテスト 投稿一覧画面のテスト サイドバーの確認 自分のユーザ編集画面へのリンクが存在する
     [31mFailure/Error: expect(page).to have_link '', href: edit_user_path(user)[0m
     [31m  expected to find link "" with href "/users/2/edit" but there were no matches[0m
     [36m# ./spec/system/02_after_login_spec.rb:70:in `block (4 levels) in <main>'[0m

  4) [STEP2] ユーザログイン後のテスト 投稿一覧画面のテスト サイドバーの確認 「New book」と表示される
     [31mFailure/Error: expect(page).to have_content 'New book'[0m
     [31m  expected to find text "New book" in "Bookers\nHome Users Books Log out\n画像投稿フォーム\ntitle\nopinion\n投稿ユーザー画像：\ntitle：t66ye\nbody：ccicti8m7eatkant8fcc\nユーザーネーム：jnc5fkkk2b\nEdit\n投稿ユーザー画像：\ntitle：as7h7\nbody：nsn3hz9vqi7gajmecgxi\nユーザーネーム：pwdod08gz7\nEdit"[0m
     [36m# ./spec/system/02_after_login_spec.rb:73:in `block (4 levels) in <main>'[0m

  5) [STEP2] ユーザログイン後のテスト 投稿一覧画面のテスト サイドバーの確認 Create Bookボタンが表示される
     [31mFailure/Error: expect(page).to have_button 'Create Book'[0m
     [31m  expected to find button "Create Book" that is not disabled but there were no matches[0m
     [36m# ./spec/system/02_after_login_spec.rb:88:in `block (4 levels) in <main>'[0m

  6) [STEP2] ユーザログイン後のテスト 投稿一覧画面のテスト 投稿成功のテスト 自分の新しい投稿が正しく保存される
     [31mFailure/Error: expect { click_button 'Create Book' }.to change(user.books, :count).by(1)[0m
     [31m[0m
     [31mCapybara::ElementNotFound:[0m
     [31m  Unable to find button "Create Book" that is not disabled[0m
     [36m# /home/ec2-user/.rvm/gems/ruby-2.6.3/gems/capybara-3.36.0/lib/capybara/node/finders.rb:303:in `block in synced_resolve'[0m
     [36m# /home/ec2-user/.rvm/gems/ruby-2.6.3/gems/capybara-3.36.0/lib/capybara/node/base.rb:83:in `synchronize'[0m
     [36m# /home/ec2-user/.rvm/gems/ruby-2.6.3/gems/capybara-3.36.0/lib/capybara/node/finders.rb:292:in `synced_resolve'[0m
     [36m# /home/ec2-user/.rvm/gems/ruby-2.6.3/gems/capybara-3.36.0/lib/capybara/node/finders.rb:53:in `find'[0m
     [36m# /home/ec2-user/.rvm/gems/ruby-2.6.3/gems/capybara-3.36.0/lib/capybara/node/actions.rb:58:in `click_button'[0m
     [36m# /home/ec2-user/.rvm/gems/ruby-2.6.3/gems/capybara-3.36.0/lib/capybara/session.rb:778:in `block (2 levels) in <class:Session>'[0m
     [36m# /home/ec2-user/.rvm/gems/ruby-2.6.3/gems/capybara-3.36.0/lib/capybara/dsl.rb:58:in `block (2 levels) in <module:DSL>'[0m
     [36m# ./spec/system/02_after_login_spec.rb:99:in `block (5 levels) in <main>'[0m
     [36m# ./spec/system/02_after_login_spec.rb:99:in `block (4 levels) in <main>'[0m

  7) [STEP2] ユーザログイン後のテスト 投稿一覧画面のテスト 投稿成功のテスト リダイレクト先が、保存できた投稿の詳細画面になっている
     [31mFailure/Error: click_button 'Create Book'[0m
     [31m[0m
     [31mCapybara::ElementNotFound:[0m
     [31m  Unable to find button "Create Book" that is not disabled[0m
     [36m# /home/ec2-user/.rvm/gems/ruby-2.6.3/gems/capybara-3.36.0/lib/capybara/node/finders.rb:303:in `block in synced_resolve'[0m
     [36m# /home/ec2-user/.rvm/gems/ruby-2.6.3/gems/capybara-3.36.0/lib/capybara/node/base.rb:83:in `synchronize'[0m
     [36m# /home/ec2-user/.rvm/gems/ruby-2.6.3/gems/capybara-3.36.0/lib/capybara/node/finders.rb:292:in `synced_resolve'[0m
     [36m# /home/ec2-user/.rvm/gems/ruby-2.6.3/gems/capybara-3.36.0/lib/capybara/node/finders.rb:53:in `find'[0m
     [36m# /home/ec2-user/.rvm/gems/ruby-2.6.3/gems/capybara-3.36.0/lib/capybara/node/actions.rb:58:in `click_button'[0m
     [36m# /home/ec2-user/.rvm/gems/ruby-2.6.3/gems/capybara-3.36.0/lib/capybara/session.rb:778:in `block (2 levels) in <class:Session>'[0m
     [36m# /home/ec2-user/.rvm/gems/ruby-2.6.3/gems/capybara-3.36.0/lib/capybara/dsl.rb:58:in `block (2 levels) in <module:DSL>'[0m
     [36m# ./spec/system/02_after_login_spec.rb:102:in `block (4 levels) in <main>'[0m

  8) [STEP2] ユーザログイン後のテスト 自分の投稿詳細画面のテスト 表示内容の確認 「Book detail」と表示される
     [31mFailure/Error: expect(page).to have_content 'Book detail'[0m
     [31m  expected to find text "Book detail" in "Bookers\nHome Users Books Log out\ntitle：3u3tk\nopinion：91v6uz73i09yd6x853gw\nユーザーネーム：bz3bhdqnyj\n削除"[0m
     [36m# ./spec/system/02_after_login_spec.rb:118:in `block (4 levels) in <main>'[0m

  9) [STEP2] ユーザログイン後のテスト 自分の投稿詳細画面のテスト 表示内容の確認 ユーザ画像・名前のリンク先が正しい
     [31mFailure/Error: expect(page).to have_link book.user.name, href: user_path(book.user)[0m
     [31m  expected to find link "wlmrhnf6ag" with href "/users/2" but there were no matches[0m
     [36m# ./spec/system/02_after_login_spec.rb:121:in `block (4 levels) in <main>'[0m

  10) [STEP2] ユーザログイン後のテスト 自分の投稿詳細画面のテスト 表示内容の確認 投稿の編集リンクが表示される
      [31mFailure/Error: expect(page).to have_link 'Edit', href: edit_book_path(book)[0m
      [31m  expected to find link "Edit" with href "/books/1/edit" but there were no matches[0m
      [36m# ./spec/system/02_after_login_spec.rb:130:in `block (4 levels) in <main>'[0m

  11) [STEP2] ユーザログイン後のテスト 自分の投稿詳細画面のテスト 表示内容の確認 投稿の削除リンクが表示される
      [31mFailure/Error: expect(page).to have_link 'Destroy', href: book_path(book)[0m
      [31m  expected to find link "Destroy" with href "/books/1" but there were no matches[0m
      [36m# ./spec/system/02_after_login_spec.rb:133:in `block (4 levels) in <main>'[0m

  12) [STEP2] ユーザログイン後のテスト 自分の投稿詳細画面のテスト サイドバーの確認 自分の名前と紹介文が表示される
      [31mFailure/Error: expect(page).to have_content user.introduction[0m
      [31m  expected to find text "e9dft5bd0mgdrksxqzbz" in "Bookers\nHome Users Books Log out\ntitle：2b5or\nopinion：pgjj9zgz922a0gk80pze\nユーザーネーム：inntkru6gz\n削除"[0m
      [36m# ./spec/system/02_after_login_spec.rb:140:in `block (4 levels) in <main>'[0m

  13) [STEP2] ユーザログイン後のテスト 自分の投稿詳細画面のテスト サイドバーの確認 自分のユーザ編集画面へのリンクが存在する
      [31mFailure/Error: expect(page).to have_link '', href: edit_user_path(user)[0m
      [31m  expected to find link "" with href "/users/2/edit" but there were no matches[0m
      [36m# ./spec/system/02_after_login_spec.rb:143:in `block (4 levels) in <main>'[0m

  14) [STEP2] ユーザログイン後のテスト 自分の投稿詳細画面のテスト サイドバーの確認 「New book」と表示される
      [31mFailure/Error: expect(page).to have_content 'New book'[0m
      [31m  expected to find text "New book" in "Bookers\nHome Users Books Log out\ntitle：h5zon\nopinion：lv2uiid58hes7iw15e78\nユーザーネーム：enoohokb7d\n削除"[0m
      [36m# ./spec/system/02_after_login_spec.rb:146:in `block (4 levels) in <main>'[0m

  15) [STEP2] ユーザログイン後のテスト 自分の投稿詳細画面のテスト サイドバーの確認 titleフォームが表示される
      [31mFailure/Error: expect(page).to have_field 'book[title]'[0m
      [31m  expected to find field "book[title]" that is not disabled but there were no matches[0m
      [36m# ./spec/system/02_after_login_spec.rb:149:in `block (4 levels) in <main>'[0m

  16) [STEP2] ユーザログイン後のテスト 自分の投稿詳細画面のテスト サイドバーの確認 titleフォームに値が入っていない
      [31mFailure/Error: expect(find_field('book[title]').text).to be_blank[0m
      [31m[0m
      [31mCapybara::ElementNotFound:[0m
      [31m  Unable to find field "book[title]" that is not disabled[0m
      [36m# /home/ec2-user/.rvm/gems/ruby-2.6.3/gems/capybara-3.36.0/lib/capybara/node/finders.rb:303:in `block in synced_resolve'[0m
      [36m# /home/ec2-user/.rvm/gems/ruby-2.6.3/gems/capybara-3.36.0/lib/capybara/node/base.rb:83:in `synchronize'[0m
      [36m# /home/ec2-user/.rvm/gems/ruby-2.6.3/gems/capybara-3.36.0/lib/capybara/node/finders.rb:292:in `synced_resolve'[0m
      [36m# /home/ec2-user/.rvm/gems/ruby-2.6.3/gems/capybara-3.36.0/lib/capybara/node/finders.rb:53:in `find'[0m
      [36m# /home/ec2-user/.rvm/gems/ruby-2.6.3/gems/capybara-3.36.0/lib/capybara/node/finders.rb:129:in `find_field'[0m
      [36m# /home/ec2-user/.rvm/gems/ruby-2.6.3/gems/capybara-3.36.0/lib/capybara/session.rb:778:in `block (2 levels) in <class:Session>'[0m
      [36m# /home/ec2-user/.rvm/gems/ruby-2.6.3/gems/capybara-3.36.0/lib/capybara/dsl.rb:58:in `block (2 levels) in <module:DSL>'[0m
      [36m# ./spec/system/02_after_login_spec.rb:152:in `block (4 levels) in <main>'[0m

  17) [STEP2] ユーザログイン後のテスト 自分の投稿詳細画面のテスト サイドバーの確認 opinionフォームが表示される
      [31mFailure/Error: expect(page).to have_field 'book[body]'[0m
      [31m  expected to find field "book[body]" that is not disabled but there were no matches[0m
      [36m# ./spec/system/02_after_login_spec.rb:155:in `block (4 levels) in <main>'[0m

  18) [STEP2] ユーザログイン後のテスト 自分の投稿詳細画面のテスト サイドバーの確認 opinionフォームに値が入っていない
      [31mFailure/Error: expect(find_field('book[body]').text).to be_blank[0m
      [31m[0m
      [31mCapybara::ElementNotFound:[0m
      [31m  Unable to find field "book[body]" that is not disabled[0m
      [36m# /home/ec2-user/.rvm/gems/ruby-2.6.3/gems/capybara-3.36.0/lib/capybara/node/finders.rb:303:in `block in synced_resolve'[0m
      [36m# /home/ec2-user/.rvm/gems/ruby-2.6.3/gems/capybara-3.36.0/lib/capybara/node/base.rb:83:in `synchronize'[0m
      [36m# /home/ec2-user/.rvm/gems/ruby-2.6.3/gems/capybara-3.36.0/lib/capybara/node/finders.rb:292:in `synced_resolve'[0m
      [36m# /home/ec2-user/.rvm/gems/ruby-2.6.3/gems/capybara-3.36.0/lib/capybara/node/finders.rb:53:in `find'[0m
      [36m# /home/ec2-user/.rvm/gems/ruby-2.6.3/gems/capybara-3.36.0/lib/capybara/node/finders.rb:129:in `find_field'[0m
      [36m# /home/ec2-user/.rvm/gems/ruby-2.6.3/gems/capybara-3.36.0/lib/capybara/session.rb:778:in `block (2 levels) in <class:Session>'[0m
      [36m# /home/ec2-user/.rvm/gems/ruby-2.6.3/gems/capybara-3.36.0/lib/capybara/dsl.rb:58:in `block (2 levels) in <module:DSL>'[0m
      [36m# ./spec/system/02_after_login_spec.rb:158:in `block (4 levels) in <main>'[0m

  19) [STEP2] ユーザログイン後のテスト 自分の投稿詳細画面のテスト サイドバーの確認 Create Bookボタンが表示される
      [31mFailure/Error: expect(page).to have_button 'Create Book'[0m
      [31m  expected to find button "Create Book" that is not disabled but there were no matches[0m
      [36m# ./spec/system/02_after_login_spec.rb:161:in `block (4 levels) in <main>'[0m

  20) [STEP2] ユーザログイン後のテスト 自分の投稿詳細画面のテスト 投稿成功のテスト 自分の新しい投稿が正しく保存される
      [31mFailure/Error: fill_in 'book[title]', with: Faker::Lorem.characters(number: 5)[0m
      [31m[0m
      [31mCapybara::ElementNotFound:[0m
      [31m  Unable to find field "book[title]" that is not disabled[0m
      [36m# /home/ec2-user/.rvm/gems/ruby-2.6.3/gems/capybara-3.36.0/lib/capybara/node/finders.rb:303:in `block in synced_resolve'[0m
      [36m# /home/ec2-user/.rvm/gems/ruby-2.6.3/gems/capybara-3.36.0/lib/capybara/node/base.rb:83:in `synchronize'[0m
      [36m# /home/ec2-user/.rvm/gems/ruby-2.6.3/gems/capybara-3.36.0/lib/capybara/node/finders.rb:292:in `synced_resolve'[0m
      [36m# /home/ec2-user/.rvm/gems/ruby-2.6.3/gems/capybara-3.36.0/lib/capybara/node/finders.rb:53:in `find'[0m
      [36m# /home/ec2-user/.rvm/gems/ruby-2.6.3/gems/capybara-3.36.0/lib/capybara/node/actions.rb:91:in `fill_in'[0m
      [36m# /home/ec2-user/.rvm/gems/ruby-2.6.3/gems/capybara-3.36.0/lib/capybara/session.rb:778:in `block (2 levels) in <class:Session>'[0m
      [36m# /home/ec2-user/.rvm/gems/ruby-2.6.3/gems/capybara-3.36.0/lib/capybara/dsl.rb:58:in `block (2 levels) in <module:DSL>'[0m
      [36m# ./spec/system/02_after_login_spec.rb:167:in `block (4 levels) in <main>'[0m

  21) [STEP2] ユーザログイン後のテスト 自分の投稿詳細画面のテスト 編集リンクのテスト 編集画面に遷移する
      [31mFailure/Error: click_link 'Edit'[0m
      [31m[0m
      [31mCapybara::ElementNotFound:[0m
      [31m  Unable to find link "Edit"[0m
      [36m# /home/ec2-user/.rvm/gems/ruby-2.6.3/gems/capybara-3.36.0/lib/capybara/node/finders.rb:303:in `block in synced_resolve'[0m
      [36m# /home/ec2-user/.rvm/gems/ruby-2.6.3/gems/capybara-3.36.0/lib/capybara/node/base.rb:83:in `synchronize'[0m
      [36m# /home/ec2-user/.rvm/gems/ruby-2.6.3/gems/capybara-3.36.0/lib/capybara/node/finders.rb:292:in `synced_resolve'[0m
      [36m# /home/ec2-user/.rvm/gems/ruby-2.6.3/gems/capybara-3.36.0/lib/capybara/node/finders.rb:53:in `find'[0m
      [36m# /home/ec2-user/.rvm/gems/ruby-2.6.3/gems/capybara-3.36.0/lib/capybara/node/actions.rb:42:in `click_link'[0m
      [36m# /home/ec2-user/.rvm/gems/ruby-2.6.3/gems/capybara-3.36.0/lib/capybara/session.rb:778:in `block (2 levels) in <class:Session>'[0m
      [36m# /home/ec2-user/.rvm/gems/ruby-2.6.3/gems/capybara-3.36.0/lib/capybara/dsl.rb:58:in `block (2 levels) in <module:DSL>'[0m
      [36m# ./spec/system/02_after_login_spec.rb:178:in `block (4 levels) in <main>'[0m

  22) [STEP2] ユーザログイン後のテスト 自分の投稿詳細画面のテスト 削除リンクのテスト 正しく削除される
      [31mFailure/Error: click_link 'Destroy'[0m
      [31m[0m
      [31mCapybara::ElementNotFound:[0m
      [31m  Unable to find link "Destroy"[0m
      [36m# /home/ec2-user/.rvm/gems/ruby-2.6.3/gems/capybara-3.36.0/lib/capybara/node/finders.rb:303:in `block in synced_resolve'[0m
      [36m# /home/ec2-user/.rvm/gems/ruby-2.6.3/gems/capybara-3.36.0/lib/capybara/node/base.rb:83:in `synchronize'[0m
      [36m# /home/ec2-user/.rvm/gems/ruby-2.6.3/gems/capybara-3.36.0/lib/capybara/node/finders.rb:292:in `synced_resolve'[0m
      [36m# /home/ec2-user/.rvm/gems/ruby-2.6.3/gems/capybara-3.36.0/lib/capybara/node/finders.rb:53:in `find'[0m
      [36m# /home/ec2-user/.rvm/gems/ruby-2.6.3/gems/capybara-3.36.0/lib/capybara/node/actions.rb:42:in `click_link'[0m
      [36m# /home/ec2-user/.rvm/gems/ruby-2.6.3/gems/capybara-3.36.0/lib/capybara/session.rb:778:in `block (2 levels) in <class:Session>'[0m
      [36m# /home/ec2-user/.rvm/gems/ruby-2.6.3/gems/capybara-3.36.0/lib/capybara/dsl.rb:58:in `block (2 levels) in <module:DSL>'[0m
      [36m# ./spec/system/02_after_login_spec.rb:185:in `block (4 levels) in <main>'[0m

  23) [STEP2] ユーザログイン後のテスト 自分の投稿詳細画面のテスト 削除リンクのテスト リダイレクト先が、投稿一覧画面になっている
      [31mFailure/Error: click_link 'Destroy'[0m
      [31m[0m
      [31mCapybara::ElementNotFound:[0m
      [31m  Unable to find link "Destroy"[0m
      [36m# /home/ec2-user/.rvm/gems/ruby-2.6.3/gems/capybara-3.36.0/lib/capybara/node/finders.rb:303:in `block in synced_resolve'[0m
      [36m# /home/ec2-user/.rvm/gems/ruby-2.6.3/gems/capybara-3.36.0/lib/capybara/node/base.rb:83:in `synchronize'[0m
      [36m# /home/ec2-user/.rvm/gems/ruby-2.6.3/gems/capybara-3.36.0/lib/capybara/node/finders.rb:292:in `synced_resolve'[0m
      [36m# /home/ec2-user/.rvm/gems/ruby-2.6.3/gems/capybara-3.36.0/lib/capybara/node/finders.rb:53:in `find'[0m
      [36m# /home/ec2-user/.rvm/gems/ruby-2.6.3/gems/capybara-3.36.0/lib/capybara/node/actions.rb:42:in `click_link'[0m
      [36m# /home/ec2-user/.rvm/gems/ruby-2.6.3/gems/capybara-3.36.0/lib/capybara/session.rb:778:in `block (2 levels) in <class:Session>'[0m
      [36m# /home/ec2-user/.rvm/gems/ruby-2.6.3/gems/capybara-3.36.0/lib/capybara/dsl.rb:58:in `block (2 levels) in <module:DSL>'[0m
      [36m# ./spec/system/02_after_login_spec.rb:185:in `block (4 levels) in <main>'[0m

  24) [STEP2] ユーザログイン後のテスト 自分の投稿編集画面のテスト 表示の確認 「Editing Book」と表示される
      [31mFailure/Error: expect(page).to have_content 'Editing Book'[0m
      [31m  expected to find text "Editing Book" in "Bookers\nHome Users Books Log out\nTitle\nBody u1y3so248vz7nrbodxnq\nShow | Back"[0m
      [36m# ./spec/system/02_after_login_spec.rb:207:in `block (4 levels) in <main>'[0m

  25) [STEP2] ユーザログイン後のテスト 自分の投稿編集画面のテスト 編集成功のテスト リダイレクト先が、更新した投稿の詳細画面になっている
      [31mFailure/Error: expect(page).to have_content 'Book detail'[0m
      [31m  expected to find text "Book detail" in "Bookers\nHome Users Books Log out\ntitle：c79q\nopinion：03cory385ywmljr40sp\nユーザーネーム：1o33s9sw9q\n削除"[0m
      [36m# ./spec/system/02_after_login_spec.rb:243:in `block (4 levels) in <main>'[0m

  26) [STEP2] ユーザログイン後のテスト ユーザ一覧画面のテスト 表示内容の確認 自分と他人の画像が表示される: fallbackの画像がサイドバーの1つ＋一覧(2人)の2つの計3つ存在する
      [31mFailure/Error: expect(all('img').size).to eq(3)[0m
      [31m[0m
      [31m  expected: 3[0m
      [31m       got: 0[0m
      [31m[0m
      [31m  (compared using ==)[0m
      [36m# ./spec/system/02_after_login_spec.rb:258:in `block (4 levels) in <main>'[0m

  27) [STEP2] ユーザログイン後のテスト ユーザ一覧画面のテスト 表示内容の確認 自分と他人の名前がそれぞれ表示される
      [31mFailure/Error: expect(page).to have_content user.name[0m
      [31m  expected to find text "k5qe1gw5jc" in "Bookers\nHome Users Books Log out\nusers"[0m
      [36m# ./spec/system/02_after_login_spec.rb:261:in `block (4 levels) in <main>'[0m

  28) [STEP2] ユーザログイン後のテスト ユーザ一覧画面のテスト 表示内容の確認 自分と他人のshowリンクがそれぞれ表示される
      [31mFailure/Error: expect(page).to have_link 'Show', href: user_path(user)[0m
      [31m  expected to find link "Show" with href "/users/2" but there were no matches[0m
      [36m# ./spec/system/02_after_login_spec.rb:265:in `block (4 levels) in <main>'[0m

  29) [STEP2] ユーザログイン後のテスト ユーザ一覧画面のテスト サイドバーの確認 自分の名前と紹介文が表示される
      [31mFailure/Error: expect(page).to have_content user.name[0m
      [31m  expected to find text "twhslk7hy8" in "Bookers\nHome Users Books Log out\nusers"[0m
      [36m# ./spec/system/02_after_login_spec.rb:272:in `block (4 levels) in <main>'[0m

  30) [STEP2] ユーザログイン後のテスト ユーザ一覧画面のテスト サイドバーの確認 自分のユーザ編集画面へのリンクが存在する
      [31mFailure/Error: expect(page).to have_link '', href: edit_user_path(user)[0m
      [31m  expected to find link "" with href "/users/2/edit" but there were no matches[0m
      [36m# ./spec/system/02_after_login_spec.rb:276:in `block (4 levels) in <main>'[0m

  31) [STEP2] ユーザログイン後のテスト ユーザ一覧画面のテスト サイドバーの確認 「New book」と表示される
      [31mFailure/Error: expect(page).to have_content 'New book'[0m
      [31m  expected to find text "New book" in "Bookers\nHome Users Books Log out\nusers"[0m
      [36m# ./spec/system/02_after_login_spec.rb:279:in `block (4 levels) in <main>'[0m

  32) [STEP2] ユーザログイン後のテスト ユーザ一覧画面のテスト サイドバーの確認 titleフォームが表示される
      [31mFailure/Error: expect(page).to have_field 'book[title]'[0m
      [31m  expected to find field "book[title]" that is not disabled but there were no matches[0m
      [36m# ./spec/system/02_after_login_spec.rb:282:in `block (4 levels) in <main>'[0m

  33) [STEP2] ユーザログイン後のテスト ユーザ一覧画面のテスト サイドバーの確認 titleフォームに値が入っていない
      [31mFailure/Error: expect(find_field('book[title]').text).to be_blank[0m
      [31m[0m
      [31mCapybara::ElementNotFound:[0m
      [31m  Unable to find field "book[title]" that is not disabled[0m
      [36m# /home/ec2-user/.rvm/gems/ruby-2.6.3/gems/capybara-3.36.0/lib/capybara/node/finders.rb:303:in `block in synced_resolve'[0m
      [36m# /home/ec2-user/.rvm/gems/ruby-2.6.3/gems/capybara-3.36.0/lib/capybara/node/base.rb:83:in `synchronize'[0m
      [36m# /home/ec2-user/.rvm/gems/ruby-2.6.3/gems/capybara-3.36.0/lib/capybara/node/finders.rb:292:in `synced_resolve'[0m
      [36m# /home/ec2-user/.rvm/gems/ruby-2.6.3/gems/capybara-3.36.0/lib/capybara/node/finders.rb:53:in `find'[0m
      [36m# /home/ec2-user/.rvm/gems/ruby-2.6.3/gems/capybara-3.36.0/lib/capybara/node/finders.rb:129:in `find_field'[0m
      [36m# /home/ec2-user/.rvm/gems/ruby-2.6.3/gems/capybara-3.36.0/lib/capybara/session.rb:778:in `block (2 levels) in <class:Session>'[0m
      [36m# /home/ec2-user/.rvm/gems/ruby-2.6.3/gems/capybara-3.36.0/lib/capybara/dsl.rb:58:in `block (2 levels) in <module:DSL>'[0m
      [36m# ./spec/system/02_after_login_spec.rb:285:in `block (4 levels) in <main>'[0m

  34) [STEP2] ユーザログイン後のテスト ユーザ一覧画面のテスト サイドバーの確認 opinionフォームが表示される
      [31mFailure/Error: expect(page).to have_field 'book[body]'[0m
      [31m  expected to find field "book[body]" that is not disabled but there were no matches[0m
      [36m# ./spec/system/02_after_login_spec.rb:288:in `block (4 levels) in <main>'[0m

  35) [STEP2] ユーザログイン後のテスト ユーザ一覧画面のテスト サイドバーの確認 opinionフォームに値が入っていない
      [31mFailure/Error: expect(find_field('book[body]').text).to be_blank[0m
      [31m[0m
      [31mCapybara::ElementNotFound:[0m
      [31m  Unable to find field "book[body]" that is not disabled[0m
      [36m# /home/ec2-user/.rvm/gems/ruby-2.6.3/gems/capybara-3.36.0/lib/capybara/node/finders.rb:303:in `block in synced_resolve'[0m
      [36m# /home/ec2-user/.rvm/gems/ruby-2.6.3/gems/capybara-3.36.0/lib/capybara/node/base.rb:83:in `synchronize'[0m
      [36m# /home/ec2-user/.rvm/gems/ruby-2.6.3/gems/capybara-3.36.0/lib/capybara/node/finders.rb:292:in `synced_resolve'[0m
      [36m# /home/ec2-user/.rvm/gems/ruby-2.6.3/gems/capybara-3.36.0/lib/capybara/node/finders.rb:53:in `find'[0m
      [36m# /home/ec2-user/.rvm/gems/ruby-2.6.3/gems/capybara-3.36.0/lib/capybara/node/finders.rb:129:in `find_field'[0m
      [36m# /home/ec2-user/.rvm/gems/ruby-2.6.3/gems/capybara-3.36.0/lib/capybara/session.rb:778:in `block (2 levels) in <class:Session>'[0m
      [36m# /home/ec2-user/.rvm/gems/ruby-2.6.3/gems/capybara-3.36.0/lib/capybara/dsl.rb:58:in `block (2 levels) in <module:DSL>'[0m
      [36m# ./spec/system/02_after_login_spec.rb:291:in `block (4 levels) in <main>'[0m

  36) [STEP2] ユーザログイン後のテスト ユーザ一覧画面のテスト サイドバーの確認 Create Bookボタンが表示される
      [31mFailure/Error: expect(page).to have_button 'Create Book'[0m
      [31m  expected to find button "Create Book" that is not disabled but there were no matches[0m
      [36m# ./spec/system/02_after_login_spec.rb:294:in `block (4 levels) in <main>'[0m

  37) [STEP2] ユーザログイン後のテスト 自分のユーザ詳細画面のテスト サイドバーの確認 自分の名前と紹介文が表示される
      [31mFailure/Error: expect(page).to have_content user.introduction[0m
      [31m  expected to find text "d43v31kihhqoqanwrjgm" in "Bookers\nHome Users Books Log out\nua3jki2wxa\nプロフィール編集\n投稿ユーザー画像：\ntitle：a94wn\nbody：yx2tvlbaz814cv9z2qai\nユーザーネーム：ua3jki2wxa"[0m
      [36m# ./spec/system/02_after_login_spec.rb:327:in `block (4 levels) in <main>'[0m

  38) [STEP2] ユーザログイン後のテスト 自分のユーザ詳細画面のテスト サイドバーの確認 「New book」と表示される
      [31mFailure/Error: expect(page).to have_content 'New book'[0m
      [31m  expected to find text "New book" in "Bookers\nHome Users Books Log out\nwayiymj2j7\nプロフィール編集\n投稿ユーザー画像：\ntitle：89eft\nbody：wcr44kmcg1s3e90a7mhi\nユーザーネーム：wayiymj2j7"[0m
      [36m# ./spec/system/02_after_login_spec.rb:333:in `block (4 levels) in <main>'[0m

  39) [STEP2] ユーザログイン後のテスト 自分のユーザ詳細画面のテスト サイドバーの確認 titleフォームが表示される
      [31mFailure/Error: expect(page).to have_field 'book[title]'[0m
      [31m  expected to find field "book[title]" that is not disabled but there were no matches[0m
      [36m# ./spec/system/02_after_login_spec.rb:336:in `block (4 levels) in <main>'[0m

  40) [STEP2] ユーザログイン後のテスト 自分のユーザ詳細画面のテスト サイドバーの確認 titleフォームに値が入っていない
      [31mFailure/Error: expect(find_field('book[title]').text).to be_blank[0m
      [31m[0m
      [31mCapybara::ElementNotFound:[0m
      [31m  Unable to find field "book[title]" that is not disabled[0m
      [36m# /home/ec2-user/.rvm/gems/ruby-2.6.3/gems/capybara-3.36.0/lib/capybara/node/finders.rb:303:in `block in synced_resolve'[0m
      [36m# /home/ec2-user/.rvm/gems/ruby-2.6.3/gems/capybara-3.36.0/lib/capybara/node/base.rb:83:in `synchronize'[0m
      [36m# /home/ec2-user/.rvm/gems/ruby-2.6.3/gems/capybara-3.36.0/lib/capybara/node/finders.rb:292:in `synced_resolve'[0m
      [36m# /home/ec2-user/.rvm/gems/ruby-2.6.3/gems/capybara-3.36.0/lib/capybara/node/finders.rb:53:in `find'[0m
      [36m# /home/ec2-user/.rvm/gems/ruby-2.6.3/gems/capybara-3.36.0/lib/capybara/node/finders.rb:129:in `find_field'[0m
      [36m# /home/ec2-user/.rvm/gems/ruby-2.6.3/gems/capybara-3.36.0/lib/capybara/session.rb:778:in `block (2 levels) in <class:Session>'[0m
      [36m# /home/ec2-user/.rvm/gems/ruby-2.6.3/gems/capybara-3.36.0/lib/capybara/dsl.rb:58:in `block (2 levels) in <module:DSL>'[0m
      [36m# ./spec/system/02_after_login_spec.rb:339:in `block (4 levels) in <main>'[0m

  41) [STEP2] ユーザログイン後のテスト 自分のユーザ詳細画面のテスト サイドバーの確認 opinionフォームが表示される
      [31mFailure/Error: expect(page).to have_field 'book[body]'[0m
      [31m  expected to find field "book[body]" that is not disabled but there were no matches[0m
      [36m# ./spec/system/02_after_login_spec.rb:342:in `block (4 levels) in <main>'[0m

  42) [STEP2] ユーザログイン後のテスト 自分のユーザ詳細画面のテスト サイドバーの確認 opinionフォームに値が入っていない
      [31mFailure/Error: expect(find_field('book[body]').text).to be_blank[0m
      [31m[0m
      [31mCapybara::ElementNotFound:[0m
      [31m  Unable to find field "book[body]" that is not disabled[0m
      [36m# /home/ec2-user/.rvm/gems/ruby-2.6.3/gems/capybara-3.36.0/lib/capybara/node/finders.rb:303:in `block in synced_resolve'[0m
      [36m# /home/ec2-user/.rvm/gems/ruby-2.6.3/gems/capybara-3.36.0/lib/capybara/node/base.rb:83:in `synchronize'[0m
      [36m# /home/ec2-user/.rvm/gems/ruby-2.6.3/gems/capybara-3.36.0/lib/capybara/node/finders.rb:292:in `synced_resolve'[0m
      [36m# /home/ec2-user/.rvm/gems/ruby-2.6.3/gems/capybara-3.36.0/lib/capybara/node/finders.rb:53:in `find'[0m
      [36m# /home/ec2-user/.rvm/gems/ruby-2.6.3/gems/capybara-3.36.0/lib/capybara/node/finders.rb:129:in `find_field'[0m
      [36m# /home/ec2-user/.rvm/gems/ruby-2.6.3/gems/capybara-3.36.0/lib/capybara/session.rb:778:in `block (2 levels) in <class:Session>'[0m
      [36m# /home/ec2-user/.rvm/gems/ruby-2.6.3/gems/capybara-3.36.0/lib/capybara/dsl.rb:58:in `block (2 levels) in <module:DSL>'[0m
      [36m# ./spec/system/02_after_login_spec.rb:345:in `block (4 levels) in <main>'[0m

  43) [STEP2] ユーザログイン後のテスト 自分のユーザ詳細画面のテスト サイドバーの確認 Create Bookボタンが表示される
      [31mFailure/Error: expect(page).to have_button 'Create Book'[0m
      [31m  expected to find button "Create Book" that is not disabled but there were no matches[0m
      [36m# ./spec/system/02_after_login_spec.rb:348:in `block (4 levels) in <main>'[0m

  44) [STEP2] ユーザログイン後のテスト 自分のユーザ情報編集画面のテスト 表示の確認 自己紹介編集フォームに自分の自己紹介文が表示される
      [31mFailure/Error: expect(page).to have_field 'user[introduction]', with: user.introduction[0m
      [31m  expected to find field "user[introduction]" that is not disabled but there were no matches[0m
      [36m# ./spec/system/02_after_login_spec.rb:369:in `block (4 levels) in <main>'[0m

  45) [STEP2] ユーザログイン後のテスト 自分のユーザ情報編集画面のテスト 表示の確認 Update Userボタンが表示される
      [31mFailure/Error: expect(page).to have_button 'Update User'[0m
      [31m  expected to find button "Update User" that is not disabled but there were no matches[0m
      [36m# ./spec/system/02_after_login_spec.rb:372:in `block (4 levels) in <main>'[0m

  46) [STEP2] ユーザログイン後のテスト 自分のユーザ情報編集画面のテスト 更新成功のテスト nameが正しく更新される
      [31mFailure/Error: fill_in 'user[introduction]', with: Faker::Lorem.characters(number: 19)[0m
      [31m[0m
      [31mCapybara::ElementNotFound:[0m
      [31m  Unable to find field "user[introduction]" that is not disabled[0m
      [36m# /home/ec2-user/.rvm/gems/ruby-2.6.3/gems/capybara-3.36.0/lib/capybara/node/finders.rb:303:in `block in synced_resolve'[0m
      [36m# /home/ec2-user/.rvm/gems/ruby-2.6.3/gems/capybara-3.36.0/lib/capybara/node/base.rb:83:in `synchronize'[0m
      [36m# /home/ec2-user/.rvm/gems/ruby-2.6.3/gems/capybara-3.36.0/lib/capybara/node/finders.rb:292:in `synced_resolve'[0m
      [36m# /home/ec2-user/.rvm/gems/ruby-2.6.3/gems/capybara-3.36.0/lib/capybara/node/finders.rb:53:in `find'[0m
      [36m# /home/ec2-user/.rvm/gems/ruby-2.6.3/gems/capybara-3.36.0/lib/capybara/node/actions.rb:91:in `fill_in'[0m
      [36m# /home/ec2-user/.rvm/gems/ruby-2.6.3/gems/capybara-3.36.0/lib/capybara/session.rb:778:in `block (2 levels) in <class:Session>'[0m
      [36m# /home/ec2-user/.rvm/gems/ruby-2.6.3/gems/capybara-3.36.0/lib/capybara/dsl.rb:58:in `block (2 levels) in <module:DSL>'[0m
      [36m# ./spec/system/02_after_login_spec.rb:381:in `block (4 levels) in <main>'[0m

  47) [STEP2] ユーザログイン後のテスト 自分のユーザ情報編集画面のテスト 更新成功のテスト introductionが正しく更新される
      [31mFailure/Error: fill_in 'user[introduction]', with: Faker::Lorem.characters(number: 19)[0m
      [31m[0m
      [31mCapybara::ElementNotFound:[0m
      [31m  Unable to find field "user[introduction]" that is not disabled[0m
      [36m# /home/ec2-user/.rvm/gems/ruby-2.6.3/gems/capybara-3.36.0/lib/capybara/node/finders.rb:303:in `block in synced_resolve'[0m
      [36m# /home/ec2-user/.rvm/gems/ruby-2.6.3/gems/capybara-3.36.0/lib/capybara/node/base.rb:83:in `synchronize'[0m
      [36m# /home/ec2-user/.rvm/gems/ruby-2.6.3/gems/capybara-3.36.0/lib/capybara/node/finders.rb:292:in `synced_resolve'[0m
      [36m# /home/ec2-user/.rvm/gems/ruby-2.6.3/gems/capybara-3.36.0/lib/capybara/node/finders.rb:53:in `find'[0m
      [36m# /home/ec2-user/.rvm/gems/ruby-2.6.3/gems/capybara-3.36.0/lib/capybara/node/actions.rb:91:in `fill_in'[0m
      [36m# /home/ec2-user/.rvm/gems/ruby-2.6.3/gems/capybara-3.36.0/lib/capybara/session.rb:778:in `block (2 levels) in <class:Session>'[0m
      [36m# /home/ec2-user/.rvm/gems/ruby-2.6.3/gems/capybara-3.36.0/lib/capybara/dsl.rb:58:in `block (2 levels) in <module:DSL>'[0m
      [36m# ./spec/system/02_after_login_spec.rb:381:in `block (4 levels) in <main>'[0m

  48) [STEP2] ユーザログイン後のテスト 自分のユーザ情報編集画面のテスト 更新成功のテスト リダイレクト先が、自分のユーザ詳細画面になっている
      [31mFailure/Error: fill_in 'user[introduction]', with: Faker::Lorem.characters(number: 19)[0m
      [31m[0m
      [31mCapybara::ElementNotFound:[0m
      [31m  Unable to find field "user[introduction]" that is not disabled[0m
      [36m# /home/ec2-user/.rvm/gems/ruby-2.6.3/gems/capybara-3.36.0/lib/capybara/node/finders.rb:303:in `block in synced_resolve'[0m
      [36m# /home/ec2-user/.rvm/gems/ruby-2.6.3/gems/capybara-3.36.0/lib/capybara/node/base.rb:83:in `synchronize'[0m
      [36m# /home/ec2-user/.rvm/gems/ruby-2.6.3/gems/capybara-3.36.0/lib/capybara/node/finders.rb:292:in `synced_resolve'[0m
      [36m# /home/ec2-user/.rvm/gems/ruby-2.6.3/gems/capybara-3.36.0/lib/capybara/node/finders.rb:53:in `find'[0m
      [36m# /home/ec2-user/.rvm/gems/ruby-2.6.3/gems/capybara-3.36.0/lib/capybara/node/actions.rb:91:in `fill_in'[0m
      [36m# /home/ec2-user/.rvm/gems/ruby-2.6.3/gems/capybara-3.36.0/lib/capybara/session.rb:778:in `block (2 levels) in <class:Session>'[0m
      [36m# /home/ec2-user/.rvm/gems/ruby-2.6.3/gems/capybara-3.36.0/lib/capybara/dsl.rb:58:in `block (2 levels) in <module:DSL>'[0m
      [36m# ./spec/system/02_after_login_spec.rb:381:in `block (4 levels) in <main>'[0m

  49) [STEP3] 仕上げのテスト サクセスメッセージのテスト ユーザ新規登録成功時
      [31mFailure/Error: is_expected.to have_content 'successfully'[0m
      [31m  expected to find text "successfully" in "Bookers\nHome Users Books Log out\n6np0zvnmn\nプロフィール編集"[0m
      [36m# ./spec/system/03_finishing_touches_spec.rb:19:in `block (3 levels) in <main>'[0m

  50) [STEP3] 仕上げのテスト サクセスメッセージのテスト ユーザログイン成功時
      [31mFailure/Error: is_expected.to have_content 'successfully'[0m
      [31m  expected to find text "successfully" in "Bookers\nHome Users Books Log out\n4981mp6mkg\nプロフィール編集\n投稿ユーザー画像：\ntitle：q0xgl\nbody：306tdm9qw6a99pfom36m\nユーザーネーム：4981mp6mkg"[0m
      [36m# ./spec/system/03_finishing_touches_spec.rb:26:in `block (3 levels) in <main>'[0m

  51) [STEP3] 仕上げのテスト サクセスメッセージのテスト ユーザログアウト成功時
      [31mFailure/Error: is_expected.to have_content 'successfully'[0m
      [31m  expected to find text "successfully" in "Bookers\nHome About Sign up Log in\nwelcome to Bookers !!\nIn Bookers, you can share and exchange your opinions , inpressions , and emotions about various books!\nLog in Sign up"[0m
      [36m# ./spec/system/03_finishing_touches_spec.rb:36:in `block (3 levels) in <main>'[0m

  52) [STEP3] 仕上げのテスト サクセスメッセージのテスト ユーザのプロフィール情報更新成功時
      [31mFailure/Error: click_button 'Update User'[0m
      [31m[0m
      [31mCapybara::ElementNotFound:[0m
      [31m  Unable to find button "Update User" that is not disabled[0m
      [36m# /home/ec2-user/.rvm/gems/ruby-2.6.3/gems/capybara-3.36.0/lib/capybara/node/finders.rb:303:in `block in synced_resolve'[0m
      [36m# /home/ec2-user/.rvm/gems/ruby-2.6.3/gems/capybara-3.36.0/lib/capybara/node/base.rb:83:in `synchronize'[0m
      [36m# /home/ec2-user/.rvm/gems/ruby-2.6.3/gems/capybara-3.36.0/lib/capybara/node/finders.rb:292:in `synced_resolve'[0m
      [36m# /home/ec2-user/.rvm/gems/ruby-2.6.3/gems/capybara-3.36.0/lib/capybara/node/finders.rb:53:in `find'[0m
      [36m# /home/ec2-user/.rvm/gems/ruby-2.6.3/gems/capybara-3.36.0/lib/capybara/node/actions.rb:58:in `click_button'[0m
      [36m# /home/ec2-user/.rvm/gems/ruby-2.6.3/gems/capybara-3.36.0/lib/capybara/session.rb:778:in `block (2 levels) in <class:Session>'[0m
      [36m# /home/ec2-user/.rvm/gems/ruby-2.6.3/gems/capybara-3.36.0/lib/capybara/dsl.rb:58:in `block (2 levels) in <module:DSL>'[0m
      [36m# ./spec/system/03_finishing_touches_spec.rb:44:in `block (3 levels) in <main>'[0m

  53) [STEP3] 仕上げのテスト サクセスメッセージのテスト 投稿データの新規投稿成功時: 投稿一覧画面から行います。
      [31mFailure/Error: click_button 'Create Book'[0m
      [31m[0m
      [31mCapybara::ElementNotFound:[0m
      [31m  Unable to find button "Create Book" that is not disabled[0m
      [36m# /home/ec2-user/.rvm/gems/ruby-2.6.3/gems/capybara-3.36.0/lib/capybara/node/finders.rb:303:in `block in synced_resolve'[0m
      [36m# /home/ec2-user/.rvm/gems/ruby-2.6.3/gems/capybara-3.36.0/lib/capybara/node/base.rb:83:in `synchronize'[0m
      [36m# /home/ec2-user/.rvm/gems/ruby-2.6.3/gems/capybara-3.36.0/lib/capybara/node/finders.rb:292:in `synced_resolve'[0m
      [36m# /home/ec2-user/.rvm/gems/ruby-2.6.3/gems/capybara-3.36.0/lib/capybara/node/finders.rb:53:in `find'[0m
      [36m# /home/ec2-user/.rvm/gems/ruby-2.6.3/gems/capybara-3.36.0/lib/capybara/node/actions.rb:58:in `click_button'[0m
      [36m# /home/ec2-user/.rvm/gems/ruby-2.6.3/gems/capybara-3.36.0/lib/capybara/session.rb:778:in `block (2 levels) in <class:Session>'[0m
      [36m# /home/ec2-user/.rvm/gems/ruby-2.6.3/gems/capybara-3.36.0/lib/capybara/dsl.rb:58:in `block (2 levels) in <module:DSL>'[0m
      [36m# ./spec/system/03_finishing_touches_spec.rb:55:in `block (3 levels) in <main>'[0m

  54) [STEP3] 仕上げのテスト サクセスメッセージのテスト 投稿データの更新成功時
      [31mFailure/Error: is_expected.to have_content 'successfully'[0m
      [31m  expected to find text "successfully" in "Bookers\nHome Users Books Log out\ntitle：v7jf9\nopinion：riuszmkfjvf392pacpzy\nユーザーネーム：j1dfxs5q01\n削除"[0m
      [36m# ./spec/system/03_finishing_touches_spec.rb:65:in `block (3 levels) in <main>'[0m

  55) [STEP3] 仕上げのテスト 処理失敗時のテスト ユーザのプロフィール情報編集失敗: nameを1文字にする 更新されない
      [31mFailure/Error: click_button 'Update User'[0m
      [31m[0m
      [31mCapybara::ElementNotFound:[0m
      [31m  Unable to find button "Update User" that is not disabled[0m
      [36m# /home/ec2-user/.rvm/gems/ruby-2.6.3/gems/capybara-3.36.0/lib/capybara/node/finders.rb:303:in `block in synced_resolve'[0m
      [36m# /home/ec2-user/.rvm/gems/ruby-2.6.3/gems/capybara-3.36.0/lib/capybara/node/base.rb:83:in `synchronize'[0m
      [36m# /home/ec2-user/.rvm/gems/ruby-2.6.3/gems/capybara-3.36.0/lib/capybara/node/finders.rb:292:in `synced_resolve'[0m
      [36m# /home/ec2-user/.rvm/gems/ruby-2.6.3/gems/capybara-3.36.0/lib/capybara/node/finders.rb:53:in `find'[0m
      [36m# /home/ec2-user/.rvm/gems/ruby-2.6.3/gems/capybara-3.36.0/lib/capybara/node/actions.rb:58:in `click_button'[0m
      [36m# /home/ec2-user/.rvm/gems/ruby-2.6.3/gems/capybara-3.36.0/lib/capybara/session.rb:778:in `block (2 levels) in <class:Session>'[0m
      [36m# /home/ec2-user/.rvm/gems/ruby-2.6.3/gems/capybara-3.36.0/lib/capybara/dsl.rb:58:in `block (2 levels) in <module:DSL>'[0m
      [36m# ./spec/system/03_finishing_touches_spec.rb:106:in `block (4 levels) in <main>'[0m

  56) [STEP3] 仕上げのテスト 処理失敗時のテスト ユーザのプロフィール情報編集失敗: nameを1文字にする ユーザ編集画面を表示しており、フォームの内容が正しい
      [31mFailure/Error: click_button 'Update User'[0m
      [31m[0m
      [31mCapybara::ElementNotFound:[0m
      [31m  Unable to find button "Update User" that is not disabled[0m
      [36m# /home/ec2-user/.rvm/gems/ruby-2.6.3/gems/capybara-3.36.0/lib/capybara/node/finders.rb:303:in `block in synced_resolve'[0m
      [36m# /home/ec2-user/.rvm/gems/ruby-2.6.3/gems/capybara-3.36.0/lib/capybara/node/base.rb:83:in `synchronize'[0m
      [36m# /home/ec2-user/.rvm/gems/ruby-2.6.3/gems/capybara-3.36.0/lib/capybara/node/finders.rb:292:in `synced_resolve'[0m
      [36m# /home/ec2-user/.rvm/gems/ruby-2.6.3/gems/capybara-3.36.0/lib/capybara/node/finders.rb:53:in `find'[0m
      [36m# /home/ec2-user/.rvm/gems/ruby-2.6.3/gems/capybara-3.36.0/lib/capybara/node/actions.rb:58:in `click_button'[0m
      [36m# /home/ec2-user/.rvm/gems/ruby-2.6.3/gems/capybara-3.36.0/lib/capybara/session.rb:778:in `block (2 levels) in <class:Session>'[0m
      [36m# /home/ec2-user/.rvm/gems/ruby-2.6.3/gems/capybara-3.36.0/lib/capybara/dsl.rb:58:in `block (2 levels) in <module:DSL>'[0m
      [36m# ./spec/system/03_finishing_touches_spec.rb:106:in `block (4 levels) in <main>'[0m

  57) [STEP3] 仕上げのテスト 処理失敗時のテスト ユーザのプロフィール情報編集失敗: nameを1文字にする バリデーションエラーが表示される
      [31mFailure/Error: click_button 'Update User'[0m
      [31m[0m
      [31mCapybara::ElementNotFound:[0m
      [31m  Unable to find button "Update User" that is not disabled[0m
      [36m# /home/ec2-user/.rvm/gems/ruby-2.6.3/gems/capybara-3.36.0/lib/capybara/node/finders.rb:303:in `block in synced_resolve'[0m
      [36m# /home/ec2-user/.rvm/gems/ruby-2.6.3/gems/capybara-3.36.0/lib/capybara/node/base.rb:83:in `synchronize'[0m
      [36m# /home/ec2-user/.rvm/gems/ruby-2.6.3/gems/capybara-3.36.0/lib/capybara/node/finders.rb:292:in `synced_resolve'[0m
      [36m# /home/ec2-user/.rvm/gems/ruby-2.6.3/gems/capybara-3.36.0/lib/capybara/node/finders.rb:53:in `find'[0m
      [36m# /home/ec2-user/.rvm/gems/ruby-2.6.3/gems/capybara-3.36.0/lib/capybara/node/actions.rb:58:in `click_button'[0m
      [36m# /home/ec2-user/.rvm/gems/ruby-2.6.3/gems/capybara-3.36.0/lib/capybara/session.rb:778:in `block (2 levels) in <class:Session>'[0m
      [36m# /home/ec2-user/.rvm/gems/ruby-2.6.3/gems/capybara-3.36.0/lib/capybara/dsl.rb:58:in `block (2 levels) in <module:DSL>'[0m
      [36m# ./spec/system/03_finishing_touches_spec.rb:106:in `block (4 levels) in <main>'[0m

  58) [STEP3] 仕上げのテスト 処理失敗時のテスト 投稿データの新規投稿失敗: 投稿一覧画面から行い、titleを空にする 投稿が保存されない
      [31mFailure/Error: expect { click_button 'Create Book' }.not_to change(Book.all, :count)[0m
      [31m[0m
      [31mCapybara::ElementNotFound:[0m
      [31m  Unable to find button "Create Book" that is not disabled[0m
      [36m# /home/ec2-user/.rvm/gems/ruby-2.6.3/gems/capybara-3.36.0/lib/capybara/node/finders.rb:303:in `block in synced_resolve'[0m
      [36m# /home/ec2-user/.rvm/gems/ruby-2.6.3/gems/capybara-3.36.0/lib/capybara/node/base.rb:83:in `synchronize'[0m
      [36m# /home/ec2-user/.rvm/gems/ruby-2.6.3/gems/capybara-3.36.0/lib/capybara/node/finders.rb:292:in `synced_resolve'[0m
      [36m# /home/ec2-user/.rvm/gems/ruby-2.6.3/gems/capybara-3.36.0/lib/capybara/node/finders.rb:53:in `find'[0m
      [36m# /home/ec2-user/.rvm/gems/ruby-2.6.3/gems/capybara-3.36.0/lib/capybara/node/actions.rb:58:in `click_button'[0m
      [36m# /home/ec2-user/.rvm/gems/ruby-2.6.3/gems/capybara-3.36.0/lib/capybara/session.rb:778:in `block (2 levels) in <class:Session>'[0m
      [36m# /home/ec2-user/.rvm/gems/ruby-2.6.3/gems/capybara-3.36.0/lib/capybara/dsl.rb:58:in `block (2 levels) in <module:DSL>'[0m
      [36m# ./spec/system/03_finishing_touches_spec.rb:132:in `block (5 levels) in <main>'[0m
      [36m# ./spec/system/03_finishing_touches_spec.rb:132:in `block (4 levels) in <main>'[0m

  59) [STEP3] 仕上げのテスト 処理失敗時のテスト 投稿データの新規投稿失敗: 投稿一覧画面から行い、titleを空にする 投稿一覧画面を表示している
      [31mFailure/Error: click_button 'Create Book'[0m
      [31m[0m
      [31mCapybara::ElementNotFound:[0m
      [31m  Unable to find button "Create Book" that is not disabled[0m
      [36m# /home/ec2-user/.rvm/gems/ruby-2.6.3/gems/capybara-3.36.0/lib/capybara/node/finders.rb:303:in `block in synced_resolve'[0m
      [36m# /home/ec2-user/.rvm/gems/ruby-2.6.3/gems/capybara-3.36.0/lib/capybara/node/base.rb:83:in `synchronize'[0m
      [36m# /home/ec2-user/.rvm/gems/ruby-2.6.3/gems/capybara-3.36.0/lib/capybara/node/finders.rb:292:in `synced_resolve'[0m
      [36m# /home/ec2-user/.rvm/gems/ruby-2.6.3/gems/capybara-3.36.0/lib/capybara/node/finders.rb:53:in `find'[0m
      [36m# /home/ec2-user/.rvm/gems/ruby-2.6.3/gems/capybara-3.36.0/lib/capybara/node/actions.rb:58:in `click_button'[0m
      [36m# /home/ec2-user/.rvm/gems/ruby-2.6.3/gems/capybara-3.36.0/lib/capybara/session.rb:778:in `block (2 levels) in <class:Session>'[0m
      [36m# /home/ec2-user/.rvm/gems/ruby-2.6.3/gems/capybara-3.36.0/lib/capybara/dsl.rb:58:in `block (2 levels) in <module:DSL>'[0m
      [36m# ./spec/system/03_finishing_touches_spec.rb:135:in `block (4 levels) in <main>'[0m

  60) [STEP3] 仕上げのテスト 処理失敗時のテスト 投稿データの新規投稿失敗: 投稿一覧画面から行い、titleを空にする バリデーションエラーが表示される
      [31mFailure/Error: click_button 'Create Book'[0m
      [31m[0m
      [31mCapybara::ElementNotFound:[0m
      [31m  Unable to find button "Create Book" that is not disabled[0m
      [36m# /home/ec2-user/.rvm/gems/ruby-2.6.3/gems/capybara-3.36.0/lib/capybara/node/finders.rb:303:in `block in synced_resolve'[0m
      [36m# /home/ec2-user/.rvm/gems/ruby-2.6.3/gems/capybara-3.36.0/lib/capybara/node/base.rb:83:in `synchronize'[0m
      [36m# /home/ec2-user/.rvm/gems/ruby-2.6.3/gems/capybara-3.36.0/lib/capybara/node/finders.rb:292:in `synced_resolve'[0m
      [36m# /home/ec2-user/.rvm/gems/ruby-2.6.3/gems/capybara-3.36.0/lib/capybara/node/finders.rb:53:in `find'[0m
      [36m# /home/ec2-user/.rvm/gems/ruby-2.6.3/gems/capybara-3.36.0/lib/capybara/node/actions.rb:58:in `click_button'[0m
      [36m# /home/ec2-user/.rvm/gems/ruby-2.6.3/gems/capybara-3.36.0/lib/capybara/session.rb:778:in `block (2 levels) in <class:Session>'[0m
      [36m# /home/ec2-user/.rvm/gems/ruby-2.6.3/gems/capybara-3.36.0/lib/capybara/dsl.rb:58:in `block (2 levels) in <module:DSL>'[0m
      [36m# ./spec/system/03_finishing_touches_spec.rb:145:in `block (4 levels) in <main>'[0m

  61) [STEP3] 仕上げのテスト 処理失敗時のテスト 投稿データの更新失敗: titleを空にする エラーメッセージが表示される
      [31mFailure/Error: expect(page).to have_content 'error'[0m
      [31m  expected to find text "error" in "Bookers\nHome Users Books Log out\n1件のエラーが発生しました Title can't be blank\nTitle\nBody 27522kp0k0z6fhsjo1bd\nShow | Back"[0m
      [36m# ./spec/system/03_finishing_touches_spec.rb:171:in `block (4 levels) in <main>'[0m

  62) [STEP3] 仕上げのテスト 他人の画面のテスト 他人の投稿詳細画面のテスト 表示内容の確認 「Book detail」と表示される
      [31mFailure/Error: expect(page).to have_content 'Book detail'[0m
      [31m  expected to find text "Book detail" in "Bookers\nHome Users Books Log out\ntitle：bh4qj\nopinion：7nojsak06cw466ux4qp5\nユーザーネーム：074uygag5t"[0m
      [36m# ./spec/system/03_finishing_touches_spec.rb:223:in `block (5 levels) in <main>'[0m

  63) [STEP3] 仕上げのテスト 他人の画面のテスト 他人の投稿詳細画面のテスト 表示内容の確認 ユーザ画像・名前のリンク先が正しい
      [31mFailure/Error: expect(page).to have_link other_book.user.name, href: user_path(other_book.user)[0m
      [31m  expected to find link "xnmpx3itso" with href "/users/1" but there were no matches[0m
      [36m# ./spec/system/03_finishing_touches_spec.rb:226:in `block (5 levels) in <main>'[0m

  64) [STEP3] 仕上げのテスト 他人の画面のテスト 他人の投稿詳細画面のテスト サイドバーの確認 他人の名前と紹介文が表示される
      [31mFailure/Error: expect(page).to have_content other_user.introduction[0m
      [31m  expected to find text "jojh3e0cw9crb8pqmi0j" in "Bookers\nHome Users Books Log out\ntitle：2wrbr\nopinion：2fvwuduhgnk491no9j0n\nユーザーネーム：27jjp4yfjf"[0m
      [36m# ./spec/system/03_finishing_touches_spec.rb:245:in `block (5 levels) in <main>'[0m

  65) [STEP3] 仕上げのテスト 他人の画面のテスト 他人の投稿詳細画面のテスト サイドバーの確認 他人のユーザ編集画面へのリンクが存在する
      [31mFailure/Error: expect(page).to have_link '', href: edit_user_path(other_user)[0m
      [31m  expected to find link "" with href "/users/1/edit" but there were no matches[0m
      [36m# ./spec/system/03_finishing_touches_spec.rb:248:in `block (5 levels) in <main>'[0m

  66) [STEP3] 仕上げのテスト 他人の画面のテスト 他人の投稿編集画面 遷移できず、投稿一覧画面にリダイレクトされる
      [31mFailure/Error: expect(current_path).to eq '/books'[0m
      [31m[0m
      [31m  expected: "/books"[0m
      [31m       got: "/books/2/edit"[0m
      [31m[0m
      [31m  (compared using ==)[0m
      [36m# ./spec/system/03_finishing_touches_spec.rb:263:in `block (4 levels) in <main>'[0m

  67) [STEP3] 仕上げのテスト 他人の画面のテスト 他人のユーザ詳細画面のテスト 表示の確認 投稿一覧のユーザ画像のリンク先が正しい
      [31mFailure/Error: expect(page).to have_link '', href: user_path(other_user)[0m
      [31m  expected to find link "" with href "/users/1" but there were no matches[0m
      [36m# ./spec/system/03_finishing_touches_spec.rb:277:in `block (5 levels) in <main>'[0m

  68) [STEP3] 仕上げのテスト 他人の画面のテスト 他人のユーザ詳細画面のテスト サイドバーの確認 他人の名前と紹介文が表示される
      [31mFailure/Error: expect(page).to have_content other_user.introduction[0m
      [31m  expected to find text "qxt81c3aytm25xqzmdb2" in "Bookers\nHome Users Books Log out\n10yy6oagzy\n投稿ユーザー画像：\ntitle：9yz35\nbody：z23o5xzynm1nd5syhp50\nユーザーネーム：10yy6oagzy"[0m
      [36m# ./spec/system/03_finishing_touches_spec.rb:294:in `block (5 levels) in <main>'[0m

  69) [STEP3] 仕上げのテスト 他人の画面のテスト 他人のユーザ詳細画面のテスト サイドバーの確認 他人のユーザ編集画面へのリンクが存在する
      [31mFailure/Error: expect(page).to have_link '', href: edit_user_path(other_user)[0m
      [31m  expected to find link "" with href "/users/1/edit" but there were no matches[0m
      [36m# ./spec/system/03_finishing_touches_spec.rb:297:in `block (5 levels) in <main>'[0m

  70) [STEP3] 仕上げのテスト 他人の画面のテスト 他人のユーザ情報編集画面 遷移できず、自分のユーザ詳細画面にリダイレクトされる
      [31mFailure/Error: expect(current_path).to eq '/users/' + user.id.to_s[0m
      [31m[0m
      [31m  expected: "/users/2"[0m
      [31m       got: "/users/1/edit"[0m
      [31m[0m
      [31m  (compared using ==)[0m
      [36m# ./spec/system/03_finishing_touches_spec.rb:312:in `block (4 levels) in <main>'[0m

  71) [STEP3] 仕上げのテスト グリッドシステムのテスト: container, row, col-md-〇を正しく使えている ユーザ一覧画面
      [31mFailure/Error: is_expected.to have_selector '.container .row .col-md-3'[0m
      [31m  expected to find css ".container .row .col-md-3" but there were no matches[0m
      [36m# ./spec/system/03_finishing_touches_spec.rb:329:in `block (3 levels) in <main>'[0m

  72) [STEP3] 仕上げのテスト グリッドシステムのテスト: container, row, col-md-〇を正しく使えている ユーザ詳細画面
      [31mFailure/Error: is_expected.to have_selector '.container .row .col-md-3'[0m
      [31m  expected to find css ".container .row .col-md-3" but there were no matches[0m
      [36m# ./spec/system/03_finishing_touches_spec.rb:334:in `block (3 levels) in <main>'[0m

  73) [STEP3] 仕上げのテスト グリッドシステムのテスト: container, row, col-md-〇を正しく使えている 投稿一覧画面
      [31mFailure/Error: is_expected.to have_selector '.container .row .col-md-3'[0m
      [31m  expected to find css ".container .row .col-md-3" but there were no matches[0m
      [36m# ./spec/system/03_finishing_touches_spec.rb:339:in `block (3 levels) in <main>'[0m

  74) [STEP3] 仕上げのテスト グリッドシステムのテスト: container, row, col-md-〇を正しく使えている 投稿詳細画面
      [31mFailure/Error: is_expected.to have_selector '.container .row .col-md-3'[0m
      [31m  expected to find css ".container .row .col-md-3" but there were no matches[0m
      [36m# ./spec/system/03_finishing_touches_spec.rb:344:in `block (3 levels) in <main>'[0m

  75) [STEP3] 仕上げのテスト アイコンのテスト トップ画面 本のアイコンが表示される
      [31mFailure/Error: is_expected.to have_selector '.fas.fa-book'[0m
      [31m  expected to find css ".fas.fa-book" but there were no matches[0m
      [36m# ./spec/system/03_finishing_touches_spec.rb:358:in `block (4 levels) in <main>'[0m

  76) [STEP3] 仕上げのテスト アイコンのテスト アバウト画面 本のアイコンが表示される
      [31mFailure/Error: is_expected.to have_selector '.fas.fa-book'[0m
      [31m  expected to find css ".fas.fa-book" but there were no matches[0m
      [36m# ./spec/system/03_finishing_touches_spec.rb:370:in `block (4 levels) in <main>'[0m

  77) [STEP3] 仕上げのテスト アイコンのテスト サイドバー ユーザ一覧画面でレンチアイコンが表示される
      [31mFailure/Error: is_expected.to have_selector '.fas.fa-user-cog'[0m
      [31m  expected to find css ".fas.fa-user-cog" but there were no matches[0m
      [36m# ./spec/system/03_finishing_touches_spec.rb:431:in `block (4 levels) in <main>'[0m

  78) [STEP3] 仕上げのテスト アイコンのテスト サイドバー ユーザ詳細画面でレンチアイコンが表示される
      [31mFailure/Error: is_expected.to have_selector '.fas.fa-user-cog'[0m
      [31m  expected to find css ".fas.fa-user-cog" but there were no matches[0m
      [36m# ./spec/system/03_finishing_touches_spec.rb:435:in `block (4 levels) in <main>'[0m

  79) [STEP3] 仕上げのテスト アイコンのテスト サイドバー 投稿一覧画面でレンチアイコンが表示される
      [31mFailure/Error: is_expected.to have_selector '.fas.fa-user-cog'[0m
      [31m  expected to find css ".fas.fa-user-cog" but there were no matches[0m
      [36m# ./spec/system/03_finishing_touches_spec.rb:439:in `block (4 levels) in <main>'[0m

  80) [STEP3] 仕上げのテスト アイコンのテスト サイドバー 投稿詳細画面でレンチアイコンが表示される
      [31mFailure/Error: is_expected.to have_selector '.fas.fa-user-cog'[0m
      [31m  expected to find css ".fas.fa-user-cog" but there were no matches[0m
      [36m# ./spec/system/03_finishing_touches_spec.rb:443:in `block (4 levels) in <main>'[0m

Finished in 14.71 seconds (files took 1.26 seconds to load)
[31m198 examples, 80 failures[0m

Failed examples:

[31mrspec ./spec/system/02_after_login_spec.rb:50[0m [36m# [STEP2] ユーザログイン後のテスト 投稿一覧画面のテスト 表示内容の確認 自分と他人の画像のリンク先が正しい[0m
[31mrspec ./spec/system/02_after_login_spec.rb:65[0m [36m# [STEP2] ユーザログイン後のテスト 投稿一覧画面のテスト サイドバーの確認 自分の名前と紹介文が表示される[0m
[31mrspec ./spec/system/02_after_login_spec.rb:69[0m [36m# [STEP2] ユーザログイン後のテスト 投稿一覧画面のテスト サイドバーの確認 自分のユーザ編集画面へのリンクが存在する[0m
[31mrspec ./spec/system/02_after_login_spec.rb:72[0m [36m# [STEP2] ユーザログイン後のテスト 投稿一覧画面のテスト サイドバーの確認 「New book」と表示される[0m
[31mrspec ./spec/system/02_after_login_spec.rb:87[0m [36m# [STEP2] ユーザログイン後のテスト 投稿一覧画面のテスト サイドバーの確認 Create Bookボタンが表示される[0m
[31mrspec ./spec/system/02_after_login_spec.rb:98[0m [36m# [STEP2] ユーザログイン後のテスト 投稿一覧画面のテスト 投稿成功のテスト 自分の新しい投稿が正しく保存される[0m
[31mrspec ./spec/system/02_after_login_spec.rb:101[0m [36m# [STEP2] ユーザログイン後のテスト 投稿一覧画面のテスト 投稿成功のテスト リダイレクト先が、保存できた投稿の詳細画面になっている[0m
[31mrspec ./spec/system/02_after_login_spec.rb:117[0m [36m# [STEP2] ユーザログイン後のテスト 自分の投稿詳細画面のテスト 表示内容の確認 「Book detail」と表示される[0m
[31mrspec ./spec/system/02_after_login_spec.rb:120[0m [36m# [STEP2] ユーザログイン後のテスト 自分の投稿詳細画面のテスト 表示内容の確認 ユーザ画像・名前のリンク先が正しい[0m
[31mrspec ./spec/system/02_after_login_spec.rb:129[0m [36m# [STEP2] ユーザログイン後のテスト 自分の投稿詳細画面のテスト 表示内容の確認 投稿の編集リンクが表示される[0m
[31mrspec ./spec/system/02_after_login_spec.rb:132[0m [36m# [STEP2] ユーザログイン後のテスト 自分の投稿詳細画面のテスト 表示内容の確認 投稿の削除リンクが表示される[0m
[31mrspec ./spec/system/02_after_login_spec.rb:138[0m [36m# [STEP2] ユーザログイン後のテスト 自分の投稿詳細画面のテスト サイドバーの確認 自分の名前と紹介文が表示される[0m
[31mrspec ./spec/system/02_after_login_spec.rb:142[0m [36m# [STEP2] ユーザログイン後のテスト 自分の投稿詳細画面のテスト サイドバーの確認 自分のユーザ編集画面へのリンクが存在する[0m
[31mrspec ./spec/system/02_after_login_spec.rb:145[0m [36m# [STEP2] ユーザログイン後のテスト 自分の投稿詳細画面のテスト サイドバーの確認 「New book」と表示される[0m
[31mrspec ./spec/system/02_after_login_spec.rb:148[0m [36m# [STEP2] ユーザログイン後のテスト 自分の投稿詳細画面のテスト サイドバーの確認 titleフォームが表示される[0m
[31mrspec ./spec/system/02_after_login_spec.rb:151[0m [36m# [STEP2] ユーザログイン後のテスト 自分の投稿詳細画面のテスト サイドバーの確認 titleフォームに値が入っていない[0m
[31mrspec ./spec/system/02_after_login_spec.rb:154[0m [36m# [STEP2] ユーザログイン後のテスト 自分の投稿詳細画面のテスト サイドバーの確認 opinionフォームが表示される[0m
[31mrspec ./spec/system/02_after_login_spec.rb:157[0m [36m# [STEP2] ユーザログイン後のテスト 自分の投稿詳細画面のテスト サイドバーの確認 opinionフォームに値が入っていない[0m
[31mrspec ./spec/system/02_after_login_spec.rb:160[0m [36m# [STEP2] ユーザログイン後のテスト 自分の投稿詳細画面のテスト サイドバーの確認 Create Bookボタンが表示される[0m
[31mrspec ./spec/system/02_after_login_spec.rb:171[0m [36m# [STEP2] ユーザログイン後のテスト 自分の投稿詳細画面のテスト 投稿成功のテスト 自分の新しい投稿が正しく保存される[0m
[31mrspec ./spec/system/02_after_login_spec.rb:177[0m [36m# [STEP2] ユーザログイン後のテスト 自分の投稿詳細画面のテスト 編集リンクのテスト 編集画面に遷移する[0m
[31mrspec ./spec/system/02_after_login_spec.rb:188[0m [36m# [STEP2] ユーザログイン後のテスト 自分の投稿詳細画面のテスト 削除リンクのテスト 正しく削除される[0m
[31mrspec ./spec/system/02_after_login_spec.rb:191[0m [36m# [STEP2] ユーザログイン後のテスト 自分の投稿詳細画面のテスト 削除リンクのテスト リダイレクト先が、投稿一覧画面になっている[0m
[31mrspec ./spec/system/02_after_login_spec.rb:206[0m [36m# [STEP2] ユーザログイン後のテスト 自分の投稿編集画面のテスト 表示の確認 「Editing Book」と表示される[0m
[31mrspec ./spec/system/02_after_login_spec.rb:241[0m [36m# [STEP2] ユーザログイン後のテスト 自分の投稿編集画面のテスト 編集成功のテスト リダイレクト先が、更新した投稿の詳細画面になっている[0m
[31mrspec ./spec/system/02_after_login_spec.rb:257[0m [36m# [STEP2] ユーザログイン後のテスト ユーザ一覧画面のテスト 表示内容の確認 自分と他人の画像が表示される: fallbackの画像がサイドバーの1つ＋一覧(2人)の2つの計3つ存在する[0m
[31mrspec ./spec/system/02_after_login_spec.rb:260[0m [36m# [STEP2] ユーザログイン後のテスト ユーザ一覧画面のテスト 表示内容の確認 自分と他人の名前がそれぞれ表示される[0m
[31mrspec ./spec/system/02_after_login_spec.rb:264[0m [36m# [STEP2] ユーザログイン後のテスト ユーザ一覧画面のテスト 表示内容の確認 自分と他人のshowリンクがそれぞれ表示される[0m
[31mrspec ./spec/system/02_after_login_spec.rb:271[0m [36m# [STEP2] ユーザログイン後のテスト ユーザ一覧画面のテスト サイドバーの確認 自分の名前と紹介文が表示される[0m
[31mrspec ./spec/system/02_after_login_spec.rb:275[0m [36m# [STEP2] ユーザログイン後のテスト ユーザ一覧画面のテスト サイドバーの確認 自分のユーザ編集画面へのリンクが存在する[0m
[31mrspec ./spec/system/02_after_login_spec.rb:278[0m [36m# [STEP2] ユーザログイン後のテスト ユーザ一覧画面のテスト サイドバーの確認 「New book」と表示される[0m
[31mrspec ./spec/system/02_after_login_spec.rb:281[0m [36m# [STEP2] ユーザログイン後のテスト ユーザ一覧画面のテスト サイドバーの確認 titleフォームが表示される[0m
[31mrspec ./spec/system/02_after_login_spec.rb:284[0m [36m# [STEP2] ユーザログイン後のテスト ユーザ一覧画面のテスト サイドバーの確認 titleフォームに値が入っていない[0m
[31mrspec ./spec/system/02_after_login_spec.rb:287[0m [36m# [STEP2] ユーザログイン後のテスト ユーザ一覧画面のテスト サイドバーの確認 opinionフォームが表示される[0m
[31mrspec ./spec/system/02_after_login_spec.rb:290[0m [36m# [STEP2] ユーザログイン後のテスト ユーザ一覧画面のテスト サイドバーの確認 opinionフォームに値が入っていない[0m
[31mrspec ./spec/system/02_after_login_spec.rb:293[0m [36m# [STEP2] ユーザログイン後のテスト ユーザ一覧画面のテスト サイドバーの確認 Create Bookボタンが表示される[0m
[31mrspec ./spec/system/02_after_login_spec.rb:325[0m [36m# [STEP2] ユーザログイン後のテスト 自分のユーザ詳細画面のテスト サイドバーの確認 自分の名前と紹介文が表示される[0m
[31mrspec ./spec/system/02_after_login_spec.rb:332[0m [36m# [STEP2] ユーザログイン後のテスト 自分のユーザ詳細画面のテスト サイドバーの確認 「New book」と表示される[0m
[31mrspec ./spec/system/02_after_login_spec.rb:335[0m [36m# [STEP2] ユーザログイン後のテスト 自分のユーザ詳細画面のテスト サイドバーの確認 titleフォームが表示される[0m
[31mrspec ./spec/system/02_after_login_spec.rb:338[0m [36m# [STEP2] ユーザログイン後のテスト 自分のユーザ詳細画面のテスト サイドバーの確認 titleフォームに値が入っていない[0m
[31mrspec ./spec/system/02_after_login_spec.rb:341[0m [36m# [STEP2] ユーザログイン後のテスト 自分のユーザ詳細画面のテスト サイドバーの確認 opinionフォームが表示される[0m
[31mrspec ./spec/system/02_after_login_spec.rb:344[0m [36m# [STEP2] ユーザログイン後のテスト 自分のユーザ詳細画面のテスト サイドバーの確認 opinionフォームに値が入っていない[0m
[31mrspec ./spec/system/02_after_login_spec.rb:347[0m [36m# [STEP2] ユーザログイン後のテスト 自分のユーザ詳細画面のテスト サイドバーの確認 Create Bookボタンが表示される[0m
[31mrspec ./spec/system/02_after_login_spec.rb:368[0m [36m# [STEP2] ユーザログイン後のテスト 自分のユーザ情報編集画面のテスト 表示の確認 自己紹介編集フォームに自分の自己紹介文が表示される[0m
[31mrspec ./spec/system/02_after_login_spec.rb:371[0m [36m# [STEP2] ユーザログイン後のテスト 自分のユーザ情報編集画面のテスト 表示の確認 Update Userボタンが表示される[0m
[31mrspec ./spec/system/02_after_login_spec.rb:385[0m [36m# [STEP2] ユーザログイン後のテスト 自分のユーザ情報編集画面のテスト 更新成功のテスト nameが正しく更新される[0m
[31mrspec ./spec/system/02_after_login_spec.rb:388[0m [36m# [STEP2] ユーザログイン後のテスト 自分のユーザ情報編集画面のテスト 更新成功のテスト introductionが正しく更新される[0m
[31mrspec ./spec/system/02_after_login_spec.rb:391[0m [36m# [STEP2] ユーザログイン後のテスト 自分のユーザ情報編集画面のテスト 更新成功のテスト リダイレクト先が、自分のユーザ詳細画面になっている[0m
[31mrspec ./spec/system/03_finishing_touches_spec.rb:12[0m [36m# [STEP3] 仕上げのテスト サクセスメッセージのテスト ユーザ新規登録成功時[0m
[31mrspec ./spec/system/03_finishing_touches_spec.rb:21[0m [36m# [STEP3] 仕上げのテスト サクセスメッセージのテスト ユーザログイン成功時[0m
[31mrspec ./spec/system/03_finishing_touches_spec.rb:28[0m [36m# [STEP3] 仕上げのテスト サクセスメッセージのテスト ユーザログアウト成功時[0m
[31mrspec ./spec/system/03_finishing_touches_spec.rb:38[0m [36m# [STEP3] 仕上げのテスト サクセスメッセージのテスト ユーザのプロフィール情報更新成功時[0m
[31mrspec ./spec/system/03_finishing_touches_spec.rb:47[0m [36m# [STEP3] 仕上げのテスト サクセスメッセージのテスト 投稿データの新規投稿成功時: 投稿一覧画面から行います。[0m
[31mrspec ./spec/system/03_finishing_touches_spec.rb:58[0m [36m# [STEP3] 仕上げのテスト サクセスメッセージのテスト 投稿データの更新成功時[0m
[31mrspec ./spec/system/03_finishing_touches_spec.rb:109[0m [36m# [STEP3] 仕上げのテスト 処理失敗時のテスト ユーザのプロフィール情報編集失敗: nameを1文字にする 更新されない[0m
[31mrspec ./spec/system/03_finishing_touches_spec.rb:112[0m [36m# [STEP3] 仕上げのテスト 処理失敗時のテスト ユーザのプロフィール情報編集失敗: nameを1文字にする ユーザ編集画面を表示しており、フォームの内容が正しい[0m
[31mrspec ./spec/system/03_finishing_touches_spec.rb:115[0m [36m# [STEP3] 仕上げのテスト 処理失敗時のテスト ユーザのプロフィール情報編集失敗: nameを1文字にする バリデーションエラーが表示される[0m
[31mrspec ./spec/system/03_finishing_touches_spec.rb:131[0m [36m# [STEP3] 仕上げのテスト 処理失敗時のテスト 投稿データの新規投稿失敗: 投稿一覧画面から行い、titleを空にする 投稿が保存されない[0m
[31mrspec ./spec/system/03_finishing_touches_spec.rb:134[0m [36m# [STEP3] 仕上げのテスト 処理失敗時のテスト 投稿データの新規投稿失敗: 投稿一覧画面から行い、titleを空にする 投稿一覧画面を表示している[0m
[31mrspec ./spec/system/03_finishing_touches_spec.rb:144[0m [36m# [STEP3] 仕上げのテスト 処理失敗時のテスト 投稿データの新規投稿失敗: 投稿一覧画面から行い、titleを空にする バリデーションエラーが表示される[0m
[31mrspec ./spec/system/03_finishing_touches_spec.rb:170[0m [36m# [STEP3] 仕上げのテスト 処理失敗時のテスト 投稿データの更新失敗: titleを空にする エラーメッセージが表示される[0m
[31mrspec ./spec/system/03_finishing_touches_spec.rb:222[0m [36m# [STEP3] 仕上げのテスト 他人の画面のテスト 他人の投稿詳細画面のテスト 表示内容の確認 「Book detail」と表示される[0m
[31mrspec ./spec/system/03_finishing_touches_spec.rb:225[0m [36m# [STEP3] 仕上げのテスト 他人の画面のテスト 他人の投稿詳細画面のテスト 表示内容の確認 ユーザ画像・名前のリンク先が正しい[0m
[31mrspec ./spec/system/03_finishing_touches_spec.rb:243[0m [36m# [STEP3] 仕上げのテスト 他人の画面のテスト 他人の投稿詳細画面のテスト サイドバーの確認 他人の名前と紹介文が表示される[0m
[31mrspec ./spec/system/03_finishing_touches_spec.rb:247[0m [36m# [STEP3] 仕上げのテスト 他人の画面のテスト 他人の投稿詳細画面のテスト サイドバーの確認 他人のユーザ編集画面へのリンクが存在する[0m
[31mrspec ./spec/system/03_finishing_touches_spec.rb:261[0m [36m# [STEP3] 仕上げのテスト 他人の画面のテスト 他人の投稿編集画面 遷移できず、投稿一覧画面にリダイレクトされる[0m
[31mrspec ./spec/system/03_finishing_touches_spec.rb:276[0m [36m# [STEP3] 仕上げのテスト 他人の画面のテスト 他人のユーザ詳細画面のテスト 表示の確認 投稿一覧のユーザ画像のリンク先が正しい[0m
[31mrspec ./spec/system/03_finishing_touches_spec.rb:292[0m [36m# [STEP3] 仕上げのテスト 他人の画面のテスト 他人のユーザ詳細画面のテスト サイドバーの確認 他人の名前と紹介文が表示される[0m
[31mrspec ./spec/system/03_finishing_touches_spec.rb:296[0m [36m# [STEP3] 仕上げのテスト 他人の画面のテスト 他人のユーザ詳細画面のテスト サイドバーの確認 他人のユーザ編集画面へのリンクが存在する[0m
[31mrspec ./spec/system/03_finishing_touches_spec.rb:310[0m [36m# [STEP3] 仕上げのテスト 他人の画面のテスト 他人のユーザ情報編集画面 遷移できず、自分のユーザ詳細画面にリダイレクトされる[0m
[31mrspec ./spec/system/03_finishing_touches_spec.rb:327[0m [36m# [STEP3] 仕上げのテスト グリッドシステムのテスト: container, row, col-md-〇を正しく使えている ユーザ一覧画面[0m
[31mrspec ./spec/system/03_finishing_touches_spec.rb:332[0m [36m# [STEP3] 仕上げのテスト グリッドシステムのテスト: container, row, col-md-〇を正しく使えている ユーザ詳細画面[0m
[31mrspec ./spec/system/03_finishing_touches_spec.rb:337[0m [36m# [STEP3] 仕上げのテスト グリッドシステムのテスト: container, row, col-md-〇を正しく使えている 投稿一覧画面[0m
[31mrspec ./spec/system/03_finishing_touches_spec.rb:342[0m [36m# [STEP3] 仕上げのテスト グリッドシステムのテスト: container, row, col-md-〇を正しく使えている 投稿詳細画面[0m
[31mrspec ./spec/system/03_finishing_touches_spec.rb:357[0m [36m# [STEP3] 仕上げのテスト アイコンのテスト トップ画面 本のアイコンが表示される[0m
[31mrspec ./spec/system/03_finishing_touches_spec.rb:369[0m [36m# [STEP3] 仕上げのテスト アイコンのテスト アバウト画面 本のアイコンが表示される[0m
[31mrspec ./spec/system/03_finishing_touches_spec.rb:429[0m [36m# [STEP3] 仕上げのテスト アイコンのテスト サイドバー ユーザ一覧画面でレンチアイコンが表示される[0m
[31mrspec ./spec/system/03_finishing_touches_spec.rb:433[0m [36m# [STEP3] 仕上げのテスト アイコンのテスト サイドバー ユーザ詳細画面でレンチアイコンが表示される[0m
[31mrspec ./spec/system/03_finishing_touches_spec.rb:437[0m [36m# [STEP3] 仕上げのテスト アイコンのテスト サイドバー 投稿一覧画面でレンチアイコンが表示される[0m
[31mrspec ./spec/system/03_finishing_touches_spec.rb:441[0m [36m# [STEP3] 仕上げのテスト アイコンのテスト サイドバー 投稿詳細画面でレンチアイコンが表示される[0m

